000 (7831.000.000) 2022-10-31 01:32:39 Job submitted from host: <131.227.81.67:9618?addrs=131.227.81.67-9618&alias=aisurrey-condor01.surrey.ac.uk&noUDP&sock=schedd_1620029_b968>
...
040 (7831.000.000) 2022-10-31 01:32:42 Started transferring input files
	Transferring to host: <131.227.80.156:9618?addrs=131.227.80.156-9618&alias=aisurrey12.surrey.ac.uk&noUDP&sock=slot1_13_5771_f104_126011>
...
040 (7831.000.000) 2022-10-31 01:32:42 Finished transferring input files
...
001 (7831.000.000) 2022-10-31 01:32:43 Job executing on host: <131.227.80.156:9618?addrs=131.227.80.156-9618&alias=aisurrey12.surrey.ac.uk&noUDP&sock=startd_5646_43ce>
...
040 (7831.000.000) 2022-10-31 01:32:47 Started transferring output files
...
040 (7831.000.000) 2022-10-31 01:32:47 Finished transferring output files
...
005 (7831.000.000) 2022-10-31 01:32:47 Job terminated.
	(1) Normal termination (return value 127)
		Usr 0 00:00:00, Sys 0 00:00:00  -  Run Remote Usage
		Usr 0 00:00:00, Sys 0 00:00:00  -  Run Local Usage
		Usr 0 00:00:00, Sys 0 00:00:00  -  Total Remote Usage
		Usr 0 00:00:00, Sys 0 00:00:00  -  Total Local Usage
	256  -  Run Bytes Sent By Job
	121432  -  Run Bytes Received By Job
	256  -  Total Bytes Sent By Job
	121432  -  Total Bytes Received By Job
	Partitionable Resources :    Usage  Request Allocated Assigned
	   Cpus                 :     0.07        1         1 
	   Disk (KB)            :   142         125    652975 
	   Gpus (Average)       :                 1         1 "CUDA5"
	   Memory (MB)          :             32768     32768 

	Job terminated of its own accord at 2022-10-31T01:32:47Z.
...
