000 (7830.000.000) 2022-10-31 01:27:55 Job submitted from host: <131.227.81.67:9618?addrs=131.227.81.67-9618&alias=aisurrey-condor01.surrey.ac.uk&noUDP&sock=schedd_1620029_b968>
...
040 (7830.000.000) 2022-10-31 01:28:14 Started transferring input files
	Transferring to host: <131.227.80.156:9618?addrs=131.227.80.156-9618&alias=aisurrey12.surrey.ac.uk&noUDP&sock=slot1_56_5771_f104_126006>
...
040 (7830.000.000) 2022-10-31 01:28:15 Finished transferring input files
...
001 (7830.000.000) 2022-10-31 01:28:15 Job executing on host: <131.227.80.156:9618?addrs=131.227.80.156-9618&alias=aisurrey12.surrey.ac.uk&noUDP&sock=startd_5646_43ce>
...
040 (7830.000.000) 2022-10-31 01:28:19 Started transferring output files
...
040 (7830.000.000) 2022-10-31 01:28:19 Finished transferring output files
...
005 (7830.000.000) 2022-10-31 01:28:20 Job terminated.
	(1) Normal termination (return value 127)
		Usr 0 00:00:00, Sys 0 00:00:00  -  Run Remote Usage
		Usr 0 00:00:00, Sys 0 00:00:00  -  Run Local Usage
		Usr 0 00:00:00, Sys 0 00:00:00  -  Total Remote Usage
		Usr 0 00:00:00, Sys 0 00:00:00  -  Total Local Usage
	284  -  Run Bytes Sent By Job
	121432  -  Run Bytes Received By Job
	284  -  Total Bytes Sent By Job
	121432  -  Total Bytes Received By Job
	Partitionable Resources :    Usage  Request Allocated Assigned
	   Cpus                 :     0.04        1         1 
	   Disk (KB)            :   142         125    652975 
	   Gpus (Average)       :                 1         1 "CUDA5"
	   Memory (MB)          :             32768     32768 

	Job terminated of its own accord at 2022-10-31T01:28:20Z.
...
