000 (7832.000.000) 2022-10-31 01:34:57 Job submitted from host: <131.227.81.67:9618?addrs=131.227.81.67-9618&alias=aisurrey-condor01.surrey.ac.uk&noUDP&sock=schedd_1620029_b968>
...
040 (7832.000.000) 2022-10-31 01:35:04 Started transferring input files
	Transferring to host: <131.227.80.156:9618?addrs=131.227.80.156-9618&alias=aisurrey12.surrey.ac.uk&noUDP&sock=slot1_56_5771_f104_126018>
...
040 (7832.000.000) 2022-10-31 01:35:04 Finished transferring input files
...
001 (7832.000.000) 2022-10-31 01:35:05 Job executing on host: <131.227.80.156:9618?addrs=131.227.80.156-9618&alias=aisurrey12.surrey.ac.uk&noUDP&sock=startd_5646_43ce>
...
040 (7832.000.000) 2022-10-31 01:35:09 Started transferring output files
...
040 (7832.000.000) 2022-10-31 01:35:09 Finished transferring output files
...
005 (7832.000.000) 2022-10-31 01:35:09 Job terminated.
	(1) Normal termination (return value 127)
		Usr 0 00:00:00, Sys 0 00:00:00  -  Run Remote Usage
		Usr 0 00:00:00, Sys 0 00:00:00  -  Run Local Usage
		Usr 0 00:00:00, Sys 0 00:00:00  -  Total Remote Usage
		Usr 0 00:00:00, Sys 0 00:00:00  -  Total Local Usage
	182  -  Run Bytes Sent By Job
	121432  -  Run Bytes Received By Job
	182  -  Total Bytes Sent By Job
	121432  -  Total Bytes Received By Job
	Partitionable Resources :    Usage  Request Allocated Assigned
	   Cpus                 :        0        1         1 
	   Disk (KB)            :      142      125    652975 
	   Gpus (Average)       :                 1         1 "CUDA5"
	   Memory (MB)          :             32768     32768 

	Job terminated of its own accord at 2022-10-31T01:35:09Z.
...
