000 (91878.005.000) 2022-10-31 10:48:38 Job submitted from host: <131.227.81.127:9618?addrs=131.227.81.127-9618&alias=aisurrey-condor.surrey.ac.uk&noUDP&sock=schedd_1657_2484>
...
040 (91878.005.000) 2022-10-31 10:48:56 Started transferring input files
	Transferring to host: <131.227.80.178:9618?addrs=131.227.80.178-9618&alias=aisurrey04.surrey.ac.uk&noUDP&sock=slot1_48_118341_b0a5_150120>
...
040 (91878.005.000) 2022-10-31 10:48:56 Finished transferring input files
...
001 (91878.005.000) 2022-10-31 10:48:57 Job executing on host: <131.227.80.178:9618?addrs=131.227.80.178-9618&alias=aisurrey04.surrey.ac.uk&noUDP&sock=startd_116958_09cf>
...
006 (91878.005.000) 2022-10-31 10:49:05 Image size of job updated: 125
	58  -  MemoryUsage of job (MB)
	59832  -  ResidentSetSize of job (KB)
...
006 (91878.005.000) 2022-10-31 10:54:06 Image size of job updated: 3692
	3692  -  MemoryUsage of job (MB)
	3781112  -  ResidentSetSize of job (KB)
...
006 (91878.005.000) 2022-10-31 10:59:06 Image size of job updated: 3742
	3742  -  MemoryUsage of job (MB)
	3832312  -  ResidentSetSize of job (KB)
...
006 (91878.005.000) 2022-10-31 11:04:07 Image size of job updated: 3787
	3787  -  MemoryUsage of job (MB)
	3878600  -  ResidentSetSize of job (KB)
...
006 (91878.005.000) 2022-10-31 11:09:09 Image size of job updated: 3828
	3828  -  MemoryUsage of job (MB)
	3920672  -  ResidentSetSize of job (KB)
...
006 (91878.005.000) 2022-10-31 11:14:09 Image size of job updated: 3859
	3859  -  MemoryUsage of job (MB)
	3952204  -  ResidentSetSize of job (KB)
...
006 (91878.005.000) 2022-10-31 11:19:10 Image size of job updated: 3859
	3859  -  MemoryUsage of job (MB)
	3952208  -  ResidentSetSize of job (KB)
...
006 (91878.005.000) 2022-10-31 11:24:10 Image size of job updated: 3859
	3859  -  MemoryUsage of job (MB)
	3952212  -  ResidentSetSize of job (KB)
...
006 (91878.005.000) 2022-10-31 11:29:11 Image size of job updated: 3859
	3859  -  MemoryUsage of job (MB)
	3952256  -  ResidentSetSize of job (KB)
...
004 (91878.005.000) 2022-10-31 11:30:32 Job was evicted.
	(0) CPU times
		Usr 0 00:00:00, Sys 0 00:00:00  -  Run Remote Usage
		Usr 0 00:00:00, Sys 0 00:00:00  -  Run Local Usage
	0  -  Run Bytes Sent By Job
	121432  -  Run Bytes Received By Job
	Partitionable Resources :    Usage  Request Allocated Assigned
	   Cpus                 :     0.00        1         1 
	   Disk (KB)            :   233         125    618733 
	   Gpus (Average)       :                 1         1 "GPU-d1893eab-679e-20c3-30ea-c62d1d2d35ea"
	   Memory (MB)          :  3859       32768     32768 
...
009 (91878.005.000) 2022-10-31 11:30:32 Job was aborted.
	via condor_rm (by user hl01486)
...
