000 (91892.008.000) 2022-10-31 11:31:03 Job submitted from host: <131.227.81.127:9618?addrs=131.227.81.127-9618&alias=aisurrey-condor.surrey.ac.uk&noUDP&sock=schedd_1657_2484>
...
040 (91892.008.000) 2022-10-31 11:31:19 Started transferring input files
	Transferring to host: <131.227.80.176:9618?addrs=131.227.80.176-9618&alias=aisurrey03.surrey.ac.uk&noUDP&sock=slot1_59_55625_982f_98685>
...
040 (91892.008.000) 2022-10-31 11:31:19 Finished transferring input files
...
001 (91892.008.000) 2022-10-31 11:31:20 Job executing on host: <131.227.80.176:9618?addrs=131.227.80.176-9618&alias=aisurrey03.surrey.ac.uk&noUDP&sock=startd_55421_c656>
...
006 (91892.008.000) 2022-10-31 11:31:28 Image size of job updated: 131
	131  -  MemoryUsage of job (MB)
	135064  -  ResidentSetSize of job (KB)
...
006 (91892.008.000) 2022-10-31 11:36:28 Image size of job updated: 3681
	3681  -  MemoryUsage of job (MB)
	3770212  -  ResidentSetSize of job (KB)
...
006 (91892.008.000) 2022-10-31 11:41:28 Image size of job updated: 3695
	3695  -  MemoryUsage of job (MB)
	3783884  -  ResidentSetSize of job (KB)
...
006 (91892.008.000) 2022-10-31 11:46:29 Image size of job updated: 3708
	3708  -  MemoryUsage of job (MB)
	3797524  -  ResidentSetSize of job (KB)
...
006 (91892.008.000) 2022-10-31 11:51:29 Image size of job updated: 3722
	3722  -  MemoryUsage of job (MB)
	3811388  -  ResidentSetSize of job (KB)
...
006 (91892.008.000) 2022-10-31 11:56:29 Image size of job updated: 3735
	3735  -  MemoryUsage of job (MB)
	3824660  -  ResidentSetSize of job (KB)
...
006 (91892.008.000) 2022-10-31 12:01:30 Image size of job updated: 3747
	3747  -  MemoryUsage of job (MB)
	3837696  -  ResidentSetSize of job (KB)
...
006 (91892.008.000) 2022-10-31 12:06:30 Image size of job updated: 3760
	3760  -  MemoryUsage of job (MB)
	3850920  -  ResidentSetSize of job (KB)
...
006 (91892.008.000) 2022-10-31 12:11:31 Image size of job updated: 3773
	3773  -  MemoryUsage of job (MB)
	3864192  -  ResidentSetSize of job (KB)
...
006 (91892.008.000) 2022-10-31 12:16:31 Image size of job updated: 3786
	3786  -  MemoryUsage of job (MB)
	3877388  -  ResidentSetSize of job (KB)
...
006 (91892.008.000) 2022-10-31 12:21:32 Image size of job updated: 3799
	3799  -  MemoryUsage of job (MB)
	3890784  -  ResidentSetSize of job (KB)
...
006 (91892.008.000) 2022-10-31 12:26:32 Image size of job updated: 3813
	3813  -  MemoryUsage of job (MB)
	3904516  -  ResidentSetSize of job (KB)
...
006 (91892.008.000) 2022-10-31 12:31:33 Image size of job updated: 3826
	3826  -  MemoryUsage of job (MB)
	3917840  -  ResidentSetSize of job (KB)
...
006 (91892.008.000) 2022-10-31 12:36:33 Image size of job updated: 3838
	3838  -  MemoryUsage of job (MB)
	3930832  -  ResidentSetSize of job (KB)
...
006 (91892.008.000) 2022-10-31 12:41:34 Image size of job updated: 3851
	3851  -  MemoryUsage of job (MB)
	3944216  -  ResidentSetSize of job (KB)
...
006 (91892.008.000) 2022-10-31 12:46:35 Image size of job updated: 3864
	3864  -  MemoryUsage of job (MB)
	3957348  -  ResidentSetSize of job (KB)
...
006 (91892.008.000) 2022-10-31 12:51:36 Image size of job updated: 3877
	3877  -  MemoryUsage of job (MB)
	3970544  -  ResidentSetSize of job (KB)
...
006 (91892.008.000) 2022-10-31 12:56:36 Image size of job updated: 3890
	3890  -  MemoryUsage of job (MB)
	3983680  -  ResidentSetSize of job (KB)
...
006 (91892.008.000) 2022-10-31 13:01:37 Image size of job updated: 3903
	3903  -  MemoryUsage of job (MB)
	3996968  -  ResidentSetSize of job (KB)
...
006 (91892.008.000) 2022-10-31 13:06:38 Image size of job updated: 3915
	3915  -  MemoryUsage of job (MB)
	4009908  -  ResidentSetSize of job (KB)
...
006 (91892.008.000) 2022-10-31 13:11:38 Image size of job updated: 3928
	3928  -  MemoryUsage of job (MB)
	4023136  -  ResidentSetSize of job (KB)
...
006 (91892.008.000) 2022-10-31 13:16:38 Image size of job updated: 3941
	3941  -  MemoryUsage of job (MB)
	4036004  -  ResidentSetSize of job (KB)
...
006 (91892.008.000) 2022-10-31 13:21:38 Image size of job updated: 3954
	3954  -  MemoryUsage of job (MB)
	4049608  -  ResidentSetSize of job (KB)
...
006 (91892.008.000) 2022-10-31 13:26:39 Image size of job updated: 3967
	3967  -  MemoryUsage of job (MB)
	4062720  -  ResidentSetSize of job (KB)
...
006 (91892.008.000) 2022-10-31 13:31:40 Image size of job updated: 3980
	3980  -  MemoryUsage of job (MB)
	4075620  -  ResidentSetSize of job (KB)
...
006 (91892.008.000) 2022-10-31 13:36:40 Image size of job updated: 3993
	3993  -  MemoryUsage of job (MB)
	4089008  -  ResidentSetSize of job (KB)
...
006 (91892.008.000) 2022-10-31 13:41:41 Image size of job updated: 4005
	4005  -  MemoryUsage of job (MB)
	4101952  -  ResidentSetSize of job (KB)
...
006 (91892.008.000) 2022-10-31 13:46:42 Image size of job updated: 4018
	4018  -  MemoryUsage of job (MB)
	4114952  -  ResidentSetSize of job (KB)
...
006 (91892.008.000) 2022-10-31 13:51:43 Image size of job updated: 4030
	4030  -  MemoryUsage of job (MB)
	4127640  -  ResidentSetSize of job (KB)
...
006 (91892.008.000) 2022-10-31 13:56:43 Image size of job updated: 4043
	4043  -  MemoryUsage of job (MB)
	4140572  -  ResidentSetSize of job (KB)
...
006 (91892.008.000) 2022-10-31 14:01:44 Image size of job updated: 4056
	4056  -  MemoryUsage of job (MB)
	4153444  -  ResidentSetSize of job (KB)
...
006 (91892.008.000) 2022-10-31 14:06:44 Image size of job updated: 4069
	4069  -  MemoryUsage of job (MB)
	4166708  -  ResidentSetSize of job (KB)
...
006 (91892.008.000) 2022-10-31 14:11:46 Image size of job updated: 4081
	4081  -  MemoryUsage of job (MB)
	4179460  -  ResidentSetSize of job (KB)
...
006 (91892.008.000) 2022-10-31 14:16:46 Image size of job updated: 4094
	4094  -  MemoryUsage of job (MB)
	4192540  -  ResidentSetSize of job (KB)
...
006 (91892.008.000) 2022-10-31 14:21:46 Image size of job updated: 4106
	4106  -  MemoryUsage of job (MB)
	4205292  -  ResidentSetSize of job (KB)
...
006 (91892.008.000) 2022-10-31 14:26:46 Image size of job updated: 4119
	4119  -  MemoryUsage of job (MB)
	4218304  -  ResidentSetSize of job (KB)
...
006 (91892.008.000) 2022-10-31 14:31:48 Image size of job updated: 4131
	4131  -  MemoryUsage of job (MB)
	4231148  -  ResidentSetSize of job (KB)
...
006 (91892.008.000) 2022-10-31 14:36:49 Image size of job updated: 4144
	4144  -  MemoryUsage of job (MB)
	4243896  -  ResidentSetSize of job (KB)
...
006 (91892.008.000) 2022-10-31 14:41:50 Image size of job updated: 4157
	4157  -  MemoryUsage of job (MB)
	4256892  -  ResidentSetSize of job (KB)
...
006 (91892.008.000) 2022-10-31 14:46:50 Image size of job updated: 4169
	4169  -  MemoryUsage of job (MB)
	4269724  -  ResidentSetSize of job (KB)
...
006 (91892.008.000) 2022-10-31 14:51:52 Image size of job updated: 4182
	4182  -  MemoryUsage of job (MB)
	4282708  -  ResidentSetSize of job (KB)
...
006 (91892.008.000) 2022-10-31 14:56:52 Image size of job updated: 4194
	4194  -  MemoryUsage of job (MB)
	4295628  -  ResidentSetSize of job (KB)
...
006 (91892.008.000) 2022-10-31 15:01:52 Image size of job updated: 4207
	4207  -  MemoryUsage of job (MB)
	4308352  -  ResidentSetSize of job (KB)
...
006 (91892.008.000) 2022-10-31 15:06:53 Image size of job updated: 4219
	4219  -  MemoryUsage of job (MB)
	4321196  -  ResidentSetSize of job (KB)
...
006 (91892.008.000) 2022-10-31 15:11:55 Image size of job updated: 4232
	4232  -  MemoryUsage of job (MB)
	4334148  -  ResidentSetSize of job (KB)
...
006 (91892.008.000) 2022-10-31 15:16:57 Image size of job updated: 4245
	4245  -  MemoryUsage of job (MB)
	4347084  -  ResidentSetSize of job (KB)
...
006 (91892.008.000) 2022-10-31 15:21:59 Image size of job updated: 4257
	4257  -  MemoryUsage of job (MB)
	4360008  -  ResidentSetSize of job (KB)
...
006 (91892.008.000) 2022-10-31 15:26:59 Image size of job updated: 4270
	4270  -  MemoryUsage of job (MB)
	4372816  -  ResidentSetSize of job (KB)
...
006 (91892.008.000) 2022-10-31 15:32:01 Image size of job updated: 4282
	4282  -  MemoryUsage of job (MB)
	4385656  -  ResidentSetSize of job (KB)
...
006 (91892.008.000) 2022-10-31 15:37:01 Image size of job updated: 4295
	4295  -  MemoryUsage of job (MB)
	4398460  -  ResidentSetSize of job (KB)
...
006 (91892.008.000) 2022-10-31 15:42:02 Image size of job updated: 4307
	4307  -  MemoryUsage of job (MB)
	4411280  -  ResidentSetSize of job (KB)
...
006 (91892.008.000) 2022-10-31 15:47:03 Image size of job updated: 4320
	4320  -  MemoryUsage of job (MB)
	4423928  -  ResidentSetSize of job (KB)
...
006 (91892.008.000) 2022-10-31 15:52:03 Image size of job updated: 4333
	4333  -  MemoryUsage of job (MB)
	4437100  -  ResidentSetSize of job (KB)
...
006 (91892.008.000) 2022-10-31 15:57:03 Image size of job updated: 4345
	4345  -  MemoryUsage of job (MB)
	4449840  -  ResidentSetSize of job (KB)
...
006 (91892.008.000) 2022-10-31 16:02:04 Image size of job updated: 4358
	4358  -  MemoryUsage of job (MB)
	4462824  -  ResidentSetSize of job (KB)
...
006 (91892.008.000) 2022-10-31 16:07:05 Image size of job updated: 4370
	4370  -  MemoryUsage of job (MB)
	4475596  -  ResidentSetSize of job (KB)
...
006 (91892.008.000) 2022-10-31 16:12:06 Image size of job updated: 4383
	4383  -  MemoryUsage of job (MB)
	4488628  -  ResidentSetSize of job (KB)
...
006 (91892.008.000) 2022-10-31 16:17:07 Image size of job updated: 4395
	4395  -  MemoryUsage of job (MB)
	4501316  -  ResidentSetSize of job (KB)
...
006 (91892.008.000) 2022-10-31 16:22:08 Image size of job updated: 4408
	4408  -  MemoryUsage of job (MB)
	4514364  -  ResidentSetSize of job (KB)
...
006 (91892.008.000) 2022-10-31 16:27:09 Image size of job updated: 4421
	4421  -  MemoryUsage of job (MB)
	4527168  -  ResidentSetSize of job (KB)
...
006 (91892.008.000) 2022-10-31 16:32:10 Image size of job updated: 4433
	4433  -  MemoryUsage of job (MB)
	4540136  -  ResidentSetSize of job (KB)
...
006 (91892.008.000) 2022-10-31 16:37:11 Image size of job updated: 4446
	4446  -  MemoryUsage of job (MB)
	4553224  -  ResidentSetSize of job (KB)
...
006 (91892.008.000) 2022-10-31 16:42:11 Image size of job updated: 4458
	4458  -  MemoryUsage of job (MB)
	4565856  -  ResidentSetSize of job (KB)
...
006 (91892.008.000) 2022-10-31 16:47:12 Image size of job updated: 4471
	4471  -  MemoryUsage of job (MB)
	4578848  -  ResidentSetSize of job (KB)
...
006 (91892.008.000) 2022-10-31 16:52:13 Image size of job updated: 4483
	4483  -  MemoryUsage of job (MB)
	4591592  -  ResidentSetSize of job (KB)
...
006 (91892.008.000) 2022-10-31 16:57:13 Image size of job updated: 4496
	4496  -  MemoryUsage of job (MB)
	4604640  -  ResidentSetSize of job (KB)
...
006 (91892.008.000) 2022-10-31 17:02:13 Image size of job updated: 4509
	4509  -  MemoryUsage of job (MB)
	4617244  -  ResidentSetSize of job (KB)
...
006 (91892.008.000) 2022-10-31 17:07:13 Image size of job updated: 4521
	4521  -  MemoryUsage of job (MB)
	4630284  -  ResidentSetSize of job (KB)
...
006 (91892.008.000) 2022-10-31 17:12:15 Image size of job updated: 4534
	4534  -  MemoryUsage of job (MB)
	4643192  -  ResidentSetSize of job (KB)
...
006 (91892.008.000) 2022-10-31 17:17:15 Image size of job updated: 4546
	4546  -  MemoryUsage of job (MB)
	4655900  -  ResidentSetSize of job (KB)
...
006 (91892.008.000) 2022-10-31 17:22:15 Image size of job updated: 4559
	4559  -  MemoryUsage of job (MB)
	4668672  -  ResidentSetSize of job (KB)
...
006 (91892.008.000) 2022-10-31 17:27:16 Image size of job updated: 4571
	4571  -  MemoryUsage of job (MB)
	4681468  -  ResidentSetSize of job (KB)
...
006 (91892.008.000) 2022-10-31 17:32:17 Image size of job updated: 4584
	4584  -  MemoryUsage of job (MB)
	4694536  -  ResidentSetSize of job (KB)
...
006 (91892.008.000) 2022-10-31 17:37:17 Image size of job updated: 4596
	4596  -  MemoryUsage of job (MB)
	4707296  -  ResidentSetSize of job (KB)
...
006 (91892.008.000) 2022-10-31 17:42:18 Image size of job updated: 4609
	4609  -  MemoryUsage of job (MB)
	4720088  -  ResidentSetSize of job (KB)
...
006 (91892.008.000) 2022-10-31 17:47:19 Image size of job updated: 4622
	4622  -  MemoryUsage of job (MB)
	4733132  -  ResidentSetSize of job (KB)
...
006 (91892.008.000) 2022-10-31 17:52:19 Image size of job updated: 4634
	4634  -  MemoryUsage of job (MB)
	4745904  -  ResidentSetSize of job (KB)
...
006 (91892.008.000) 2022-10-31 17:57:20 Image size of job updated: 4647
	4647  -  MemoryUsage of job (MB)
	4758712  -  ResidentSetSize of job (KB)
...
006 (91892.008.000) 2022-10-31 18:02:21 Image size of job updated: 4659
	4659  -  MemoryUsage of job (MB)
	4771640  -  ResidentSetSize of job (KB)
...
006 (91892.008.000) 2022-10-31 18:07:22 Image size of job updated: 4672
	4672  -  MemoryUsage of job (MB)
	4784548  -  ResidentSetSize of job (KB)
...
006 (91892.008.000) 2022-10-31 18:12:23 Image size of job updated: 4685
	4685  -  MemoryUsage of job (MB)
	4797464  -  ResidentSetSize of job (KB)
...
006 (91892.008.000) 2022-10-31 18:17:23 Image size of job updated: 4697
	4697  -  MemoryUsage of job (MB)
	4810272  -  ResidentSetSize of job (KB)
...
006 (91892.008.000) 2022-10-31 18:22:24 Image size of job updated: 4710
	4710  -  MemoryUsage of job (MB)
	4823140  -  ResidentSetSize of job (KB)
...
006 (91892.008.000) 2022-10-31 18:27:25 Image size of job updated: 4722
	4722  -  MemoryUsage of job (MB)
	4835980  -  ResidentSetSize of job (KB)
...
006 (91892.008.000) 2022-10-31 18:32:26 Image size of job updated: 4735
	4735  -  MemoryUsage of job (MB)
	4848972  -  ResidentSetSize of job (KB)
...
006 (91892.008.000) 2022-10-31 18:37:27 Image size of job updated: 4747
	4747  -  MemoryUsage of job (MB)
	4861776  -  ResidentSetSize of job (KB)
...
006 (91892.008.000) 2022-10-31 18:42:27 Image size of job updated: 4760
	4760  -  MemoryUsage of job (MB)
	4874628  -  ResidentSetSize of job (KB)
...
006 (91892.008.000) 2022-10-31 18:47:29 Image size of job updated: 4773
	4773  -  MemoryUsage of job (MB)
	4887700  -  ResidentSetSize of job (KB)
...
006 (91892.008.000) 2022-10-31 18:52:30 Image size of job updated: 4785
	4785  -  MemoryUsage of job (MB)
	4900464  -  ResidentSetSize of job (KB)
...
006 (91892.008.000) 2022-10-31 18:57:30 Image size of job updated: 4798
	4798  -  MemoryUsage of job (MB)
	4913300  -  ResidentSetSize of job (KB)
...
006 (91892.008.000) 2022-10-31 19:02:32 Image size of job updated: 4810
	4810  -  MemoryUsage of job (MB)
	4926240  -  ResidentSetSize of job (KB)
...
006 (91892.008.000) 2022-10-31 19:07:32 Image size of job updated: 4823
	4823  -  MemoryUsage of job (MB)
	4938992  -  ResidentSetSize of job (KB)
...
006 (91892.008.000) 2022-10-31 19:12:33 Image size of job updated: 4835
	4835  -  MemoryUsage of job (MB)
	4951784  -  ResidentSetSize of job (KB)
...
006 (91892.008.000) 2022-10-31 19:17:33 Image size of job updated: 4848
	4848  -  MemoryUsage of job (MB)
	4964452  -  ResidentSetSize of job (KB)
...
006 (91892.008.000) 2022-10-31 19:22:33 Image size of job updated: 4860
	4860  -  MemoryUsage of job (MB)
	4977424  -  ResidentSetSize of job (KB)
...
006 (91892.008.000) 2022-10-31 19:27:35 Image size of job updated: 4873
	4873  -  MemoryUsage of job (MB)
	4990272  -  ResidentSetSize of job (KB)
...
006 (91892.008.000) 2022-10-31 19:32:36 Image size of job updated: 4885
	4885  -  MemoryUsage of job (MB)
	5003028  -  ResidentSetSize of job (KB)
...
006 (91892.008.000) 2022-10-31 19:37:36 Image size of job updated: 4898
	4898  -  MemoryUsage of job (MB)
	5015812  -  ResidentSetSize of job (KB)
...
006 (91892.008.000) 2022-10-31 19:42:36 Image size of job updated: 4910
	4910  -  MemoryUsage of job (MB)
	5028556  -  ResidentSetSize of job (KB)
...
006 (91892.008.000) 2022-10-31 19:47:37 Image size of job updated: 4923
	4923  -  MemoryUsage of job (MB)
	5041516  -  ResidentSetSize of job (KB)
...
006 (91892.008.000) 2022-10-31 19:52:38 Image size of job updated: 4935
	4935  -  MemoryUsage of job (MB)
	5054404  -  ResidentSetSize of job (KB)
...
006 (91892.008.000) 2022-10-31 19:57:38 Image size of job updated: 4948
	4948  -  MemoryUsage of job (MB)
	5067324  -  ResidentSetSize of job (KB)
...
006 (91892.008.000) 2022-10-31 20:02:38 Image size of job updated: 4960
	4960  -  MemoryUsage of job (MB)
	5079896  -  ResidentSetSize of job (KB)
...
006 (91892.008.000) 2022-10-31 20:07:38 Image size of job updated: 4973
	4973  -  MemoryUsage of job (MB)
	5092732  -  ResidentSetSize of job (KB)
...
006 (91892.008.000) 2022-10-31 20:12:40 Image size of job updated: 4986
	4986  -  MemoryUsage of job (MB)
	5105744  -  ResidentSetSize of job (KB)
...
006 (91892.008.000) 2022-10-31 20:17:40 Image size of job updated: 4998
	4998  -  MemoryUsage of job (MB)
	5118380  -  ResidentSetSize of job (KB)
...
006 (91892.008.000) 2022-10-31 20:22:41 Image size of job updated: 5011
	5011  -  MemoryUsage of job (MB)
	5131320  -  ResidentSetSize of job (KB)
...
006 (91892.008.000) 2022-10-31 20:27:41 Image size of job updated: 5023
	5023  -  MemoryUsage of job (MB)
	5144132  -  ResidentSetSize of job (KB)
...
006 (91892.008.000) 2022-10-31 20:32:42 Image size of job updated: 5036
	5036  -  MemoryUsage of job (MB)
	5156864  -  ResidentSetSize of job (KB)
...
006 (91892.008.000) 2022-10-31 20:37:43 Image size of job updated: 5048
	5048  -  MemoryUsage of job (MB)
	5169928  -  ResidentSetSize of job (KB)
...
006 (91892.008.000) 2022-10-31 20:42:44 Image size of job updated: 5061
	5061  -  MemoryUsage of job (MB)
	5182516  -  ResidentSetSize of job (KB)
...
006 (91892.008.000) 2022-10-31 20:47:44 Image size of job updated: 5073
	5073  -  MemoryUsage of job (MB)
	5195476  -  ResidentSetSize of job (KB)
...
006 (91892.008.000) 2022-10-31 20:52:46 Image size of job updated: 5086
	5086  -  MemoryUsage of job (MB)
	5208392  -  ResidentSetSize of job (KB)
...
006 (91892.008.000) 2022-10-31 20:57:47 Image size of job updated: 5098
	5098  -  MemoryUsage of job (MB)
	5221092  -  ResidentSetSize of job (KB)
...
006 (91892.008.000) 2022-10-31 21:02:50 Image size of job updated: 5111
	5111  -  MemoryUsage of job (MB)
	5234092  -  ResidentSetSize of job (KB)
...
006 (91892.008.000) 2022-10-31 21:07:50 Image size of job updated: 5123
	5123  -  MemoryUsage of job (MB)
	5246760  -  ResidentSetSize of job (KB)
...
006 (91892.008.000) 2022-10-31 21:12:51 Image size of job updated: 5136
	5136  -  MemoryUsage of job (MB)
	5259712  -  ResidentSetSize of job (KB)
...
006 (91892.008.000) 2022-10-31 21:17:51 Image size of job updated: 5148
	5148  -  MemoryUsage of job (MB)
	5272468  -  ResidentSetSize of job (KB)
...
006 (91892.008.000) 2022-10-31 21:22:52 Image size of job updated: 5161
	5161  -  MemoryUsage of job (MB)
	5285448  -  ResidentSetSize of job (KB)
...
006 (91892.008.000) 2022-10-31 21:27:52 Image size of job updated: 5173
	5173  -  MemoryUsage of job (MB)
	5298164  -  ResidentSetSize of job (KB)
...
006 (91892.008.000) 2022-10-31 21:32:53 Image size of job updated: 5186
	5186  -  MemoryUsage of job (MB)
	5311112  -  ResidentSetSize of job (KB)
...
006 (91892.008.000) 2022-10-31 21:37:54 Image size of job updated: 5199
	5199  -  MemoryUsage of job (MB)
	5323984  -  ResidentSetSize of job (KB)
...
006 (91892.008.000) 2022-10-31 21:42:55 Image size of job updated: 5211
	5211  -  MemoryUsage of job (MB)
	5336696  -  ResidentSetSize of job (KB)
...
006 (91892.008.000) 2022-10-31 21:47:55 Image size of job updated: 5224
	5224  -  MemoryUsage of job (MB)
	5349660  -  ResidentSetSize of job (KB)
...
006 (91892.008.000) 2022-10-31 21:52:55 Image size of job updated: 5236
	5236  -  MemoryUsage of job (MB)
	5362424  -  ResidentSetSize of job (KB)
...
006 (91892.008.000) 2022-10-31 21:57:56 Image size of job updated: 5249
	5249  -  MemoryUsage of job (MB)
	5375200  -  ResidentSetSize of job (KB)
...
006 (91892.008.000) 2022-10-31 22:02:56 Image size of job updated: 5261
	5261  -  MemoryUsage of job (MB)
	5388180  -  ResidentSetSize of job (KB)
...
006 (91892.008.000) 2022-10-31 22:07:57 Image size of job updated: 5274
	5274  -  MemoryUsage of job (MB)
	5401048  -  ResidentSetSize of job (KB)
...
006 (91892.008.000) 2022-10-31 22:12:58 Image size of job updated: 5286
	5286  -  MemoryUsage of job (MB)
	5413856  -  ResidentSetSize of job (KB)
...
006 (91892.008.000) 2022-10-31 22:17:58 Image size of job updated: 5299
	5299  -  MemoryUsage of job (MB)
	5426588  -  ResidentSetSize of job (KB)
...
006 (91892.008.000) 2022-10-31 22:22:58 Image size of job updated: 5311
	5311  -  MemoryUsage of job (MB)
	5439440  -  ResidentSetSize of job (KB)
...
006 (91892.008.000) 2022-10-31 22:27:59 Image size of job updated: 5324
	5324  -  MemoryUsage of job (MB)
	5452440  -  ResidentSetSize of job (KB)
...
006 (91892.008.000) 2022-10-31 22:33:00 Image size of job updated: 5337
	5337  -  MemoryUsage of job (MB)
	5465316  -  ResidentSetSize of job (KB)
...
006 (91892.008.000) 2022-10-31 22:38:02 Image size of job updated: 5349
	5349  -  MemoryUsage of job (MB)
	5478168  -  ResidentSetSize of job (KB)
...
006 (91892.008.000) 2022-10-31 22:43:03 Image size of job updated: 5362
	5362  -  MemoryUsage of job (MB)
	5490848  -  ResidentSetSize of job (KB)
...
006 (91892.008.000) 2022-10-31 22:48:04 Image size of job updated: 5374
	5374  -  MemoryUsage of job (MB)
	5503888  -  ResidentSetSize of job (KB)
...
006 (91892.008.000) 2022-10-31 22:53:04 Image size of job updated: 5387
	5387  -  MemoryUsage of job (MB)
	5516564  -  ResidentSetSize of job (KB)
...
006 (91892.008.000) 2022-10-31 22:58:04 Image size of job updated: 5399
	5399  -  MemoryUsage of job (MB)
	5529572  -  ResidentSetSize of job (KB)
...
006 (91892.008.000) 2022-10-31 23:03:05 Image size of job updated: 5412
	5412  -  MemoryUsage of job (MB)
	5542276  -  ResidentSetSize of job (KB)
...
006 (91892.008.000) 2022-10-31 23:08:06 Image size of job updated: 5425
	5425  -  MemoryUsage of job (MB)
	5555200  -  ResidentSetSize of job (KB)
...
006 (91892.008.000) 2022-10-31 23:13:06 Image size of job updated: 5437
	5437  -  MemoryUsage of job (MB)
	5567904  -  ResidentSetSize of job (KB)
...
006 (91892.008.000) 2022-10-31 23:18:06 Image size of job updated: 5449
	5449  -  MemoryUsage of job (MB)
	5580652  -  ResidentSetSize of job (KB)
...
006 (91892.008.000) 2022-10-31 23:23:07 Image size of job updated: 5462
	5462  -  MemoryUsage of job (MB)
	5593624  -  ResidentSetSize of job (KB)
...
006 (91892.008.000) 2022-10-31 23:28:08 Image size of job updated: 5474
	5474  -  MemoryUsage of job (MB)
	5606244  -  ResidentSetSize of job (KB)
...
