000 (91876.001.000) 2022-10-31 10:40:28 Job submitted from host: <131.227.81.127:9618?addrs=131.227.81.127-9618&alias=aisurrey-condor.surrey.ac.uk&noUDP&sock=schedd_1657_2484>
...
040 (91876.001.000) 2022-10-31 10:40:37 Started transferring input files
	Transferring to host: <131.227.80.180:9618?addrs=131.227.80.180-9618&alias=aisurrey05.surrey.ac.uk&noUDP&sock=slot1_33_104167_d325_151106>
...
040 (91876.001.000) 2022-10-31 10:40:37 Finished transferring input files
...
001 (91876.001.000) 2022-10-31 10:40:38 Job executing on host: <131.227.80.180:9618?addrs=131.227.80.180-9618&alias=aisurrey05.surrey.ac.uk&noUDP&sock=startd_99112_2aac>
...
006 (91876.001.000) 2022-10-31 10:40:46 Image size of job updated: 125
	86  -  MemoryUsage of job (MB)
	88828  -  ResidentSetSize of job (KB)
...
006 (91876.001.000) 2022-10-31 10:45:47 Image size of job updated: 3697
	3697  -  MemoryUsage of job (MB)
	3786040  -  ResidentSetSize of job (KB)
...
006 (91876.001.000) 2022-10-31 10:50:48 Image size of job updated: 3741
	3741  -  MemoryUsage of job (MB)
	3831760  -  ResidentSetSize of job (KB)
...
006 (91876.001.000) 2022-10-31 10:54:20 Image size of job updated: 3764
	3764  -  MemoryUsage of job (MB)
	3855328  -  ResidentSetSize of job (KB)
...
004 (91876.001.000) 2022-10-31 10:54:20 Job was evicted.
	(0) CPU times
		Usr 0 00:00:00, Sys 0 00:00:00  -  Run Remote Usage
		Usr 0 00:00:00, Sys 0 00:00:00  -  Run Local Usage
	0  -  Run Bytes Sent By Job
	121432  -  Run Bytes Received By Job
	Partitionable Resources :    Usage  Request Allocated Assigned
	   Cpus                 :        0        1         1 
	   Disk (KB)            :      190      125    618733 
	   Gpus (Average)       :        0        1         1 "GPU-a100ace2-2694-3aa2-55ef-ae3a446ea6bf"
	   GpusMemory (MB)      :     9383                    
	   Memory (MB)          :     3764    32768     32768 
...
009 (91876.001.000) 2022-10-31 10:54:20 Job was aborted.
	via condor_rm (by user hl01486)
...
