000 (91878.000.000) 2022-10-31 10:48:38 Job submitted from host: <131.227.81.127:9618?addrs=131.227.81.127-9618&alias=aisurrey-condor.surrey.ac.uk&noUDP&sock=schedd_1657_2484>
...
040 (91878.000.000) 2022-10-31 10:48:56 Started transferring input files
	Transferring to host: <131.227.80.176:9618?addrs=131.227.80.176-9618&alias=aisurrey03.surrey.ac.uk&noUDP&sock=slot1_14_55625_982f_98571>
...
040 (91878.000.000) 2022-10-31 10:48:56 Finished transferring input files
...
001 (91878.000.000) 2022-10-31 10:48:57 Job executing on host: <131.227.80.176:9618?addrs=131.227.80.176-9618&alias=aisurrey03.surrey.ac.uk&noUDP&sock=startd_55421_c656>
...
006 (91878.000.000) 2022-10-31 10:49:05 Image size of job updated: 127
	127  -  MemoryUsage of job (MB)
	130112  -  ResidentSetSize of job (KB)
...
006 (91878.000.000) 2022-10-31 10:54:06 Image size of job updated: 3690
	3690  -  MemoryUsage of job (MB)
	3779272  -  ResidentSetSize of job (KB)
...
006 (91878.000.000) 2022-10-31 10:59:06 Image size of job updated: 3738
	3738  -  MemoryUsage of job (MB)
	3828504  -  ResidentSetSize of job (KB)
...
006 (91878.000.000) 2022-10-31 11:04:07 Image size of job updated: 3781
	3781  -  MemoryUsage of job (MB)
	3872328  -  ResidentSetSize of job (KB)
...
006 (91878.000.000) 2022-10-31 11:09:09 Image size of job updated: 3824
	3824  -  MemoryUsage of job (MB)
	3916228  -  ResidentSetSize of job (KB)
...
007 (91878.000.000) 2022-10-31 11:13:19 Shadow exception!
	Error from slot1@aisurrey03.surrey.ac.uk: Docker job has gone over memory limit of 32768 Mb
	0  -  Run Bytes Sent By Job
	121432  -  Run Bytes Received By Job
...
012 (91878.000.000) 2022-10-31 11:13:19 Job was held.
	Error from slot1@aisurrey03.surrey.ac.uk: Docker job has gone over memory limit of 32768 Mb
	Code 34 Subcode 0
...
009 (91878.000.000) 2022-10-31 11:20:15 Job was aborted.
	via condor_rm (by user hl01486)
...
