000 (91876.007.000) 2022-10-31 10:40:28 Job submitted from host: <131.227.81.127:9618?addrs=131.227.81.127-9618&alias=aisurrey-condor.surrey.ac.uk&noUDP&sock=schedd_1657_2484>
...
040 (91876.007.000) 2022-10-31 10:40:37 Started transferring input files
	Transferring to host: <131.227.80.176:9618?addrs=131.227.80.176-9618&alias=aisurrey03.surrey.ac.uk&noUDP&sock=slot1_29_55625_982f_98550>
...
040 (91876.007.000) 2022-10-31 10:40:37 Finished transferring input files
...
001 (91876.007.000) 2022-10-31 10:40:38 Job executing on host: <131.227.80.176:9618?addrs=131.227.80.176-9618&alias=aisurrey03.surrey.ac.uk&noUDP&sock=startd_55421_c656>
...
006 (91876.007.000) 2022-10-31 10:40:46 Image size of job updated: 125
	52  -  MemoryUsage of job (MB)
	54032  -  ResidentSetSize of job (KB)
...
006 (91876.007.000) 2022-10-31 10:45:48 Image size of job updated: 3696
	3696  -  MemoryUsage of job (MB)
	3785052  -  ResidentSetSize of job (KB)
...
006 (91876.007.000) 2022-10-31 10:50:48 Image size of job updated: 3746
	3746  -  MemoryUsage of job (MB)
	3836708  -  ResidentSetSize of job (KB)
...
006 (91876.007.000) 2022-10-31 10:54:14 Image size of job updated: 3774
	3774  -  MemoryUsage of job (MB)
	3865472  -  ResidentSetSize of job (KB)
...
004 (91876.007.000) 2022-10-31 10:54:14 Job was evicted.
	(0) CPU times
		Usr 0 00:00:00, Sys 0 00:00:00  -  Run Remote Usage
		Usr 0 00:00:00, Sys 0 00:00:00  -  Run Local Usage
	0  -  Run Bytes Sent By Job
	121432  -  Run Bytes Received By Job
	Partitionable Resources :    Usage  Request Allocated Assigned
	   Cpus                 :        0        1         1 
	   Disk (KB)            :      191      125    618733 
	   Gpus (Average)       :                 1         1 "GPU-b457f315-2b66-c3fa-6262-16ded64b8300"
	   GpusMemory (MB)      :     9383                    
	   Memory (MB)          :     3774    32768     32768 
...
009 (91876.007.000) 2022-10-31 10:54:14 Job was aborted.
	via condor_rm (by user hl01486)
...
