000 (91876.005.000) 2022-10-31 10:40:28 Job submitted from host: <131.227.81.127:9618?addrs=131.227.81.127-9618&alias=aisurrey-condor.surrey.ac.uk&noUDP&sock=schedd_1657_2484>
...
040 (91876.005.000) 2022-10-31 10:40:37 Started transferring input files
	Transferring to host: <131.227.80.174:9618?addrs=131.227.80.174-9618&alias=aisurrey02.surrey.ac.uk&noUDP&sock=slot1_57_51297_207f_96302>
...
040 (91876.005.000) 2022-10-31 10:40:37 Finished transferring input files
...
001 (91876.005.000) 2022-10-31 10:40:38 Job executing on host: <131.227.80.174:9618?addrs=131.227.80.174-9618&alias=aisurrey02.surrey.ac.uk&noUDP&sock=startd_51097_ded3>
...
006 (91876.005.000) 2022-10-31 10:40:46 Image size of job updated: 125
	90  -  MemoryUsage of job (MB)
	92468  -  ResidentSetSize of job (KB)
...
006 (91876.005.000) 2022-10-31 10:45:46 Image size of job updated: 3681
	3681  -  MemoryUsage of job (MB)
	3770296  -  ResidentSetSize of job (KB)
...
006 (91876.005.000) 2022-10-31 10:50:46 Image size of job updated: 3730
	3730  -  MemoryUsage of job (MB)
	3819908  -  ResidentSetSize of job (KB)
...
006 (91876.005.000) 2022-10-31 10:54:15 Image size of job updated: 3756
	3756  -  MemoryUsage of job (MB)
	3846944  -  ResidentSetSize of job (KB)
...
004 (91876.005.000) 2022-10-31 10:54:15 Job was evicted.
	(0) CPU times
		Usr 0 00:00:00, Sys 0 00:00:00  -  Run Remote Usage
		Usr 0 00:00:00, Sys 0 00:00:00  -  Run Local Usage
	0  -  Run Bytes Sent By Job
	121432  -  Run Bytes Received By Job
	Partitionable Resources :    Usage  Request Allocated Assigned
	   Cpus                 :        0        1         1 
	   Disk (KB)            :      191      125    618733 
	   Gpus (Average)       :        0        1         1 "GPU-5f00503a-683e-5594-7d0c-169b3e8f2c01"
	   GpusMemory (MB)      :     9383                    
	   Memory (MB)          :     3756    32768     32768 
...
009 (91876.005.000) 2022-10-31 10:54:15 Job was aborted.
	via condor_rm (by user hl01486)
...
