000 (91874.000.000) 2022-10-31 10:24:45 Job submitted from host: <131.227.81.127:9618?addrs=131.227.81.127-9618&alias=aisurrey-condor.surrey.ac.uk&noUDP&sock=schedd_1657_2484>
...
040 (91874.000.000) 2022-10-31 10:24:50 Started transferring input files
	Transferring to host: <131.227.80.182:9618?addrs=131.227.80.182-9618&alias=aisurrey06.surrey.ac.uk&noUDP&sock=slot1_27_36311_225e_156405>
...
040 (91874.000.000) 2022-10-31 10:24:50 Finished transferring input files
...
001 (91874.000.000) 2022-10-31 10:24:51 Job executing on host: <131.227.80.182:9618?addrs=131.227.80.182-9618&alias=aisurrey06.surrey.ac.uk&noUDP&sock=startd_32191_ed4c>
...
006 (91874.000.000) 2022-10-31 10:25:00 Image size of job updated: 125
	52  -  MemoryUsage of job (MB)
	54048  -  ResidentSetSize of job (KB)
...
006 (91874.000.000) 2022-10-31 10:30:02 Image size of job updated: 3698
	3698  -  MemoryUsage of job (MB)
	3787064  -  ResidentSetSize of job (KB)
...
006 (91874.000.000) 2022-10-31 10:35:02 Image size of job updated: 3747
	3747  -  MemoryUsage of job (MB)
	3837556  -  ResidentSetSize of job (KB)
...
006 (91874.000.000) 2022-10-31 10:40:02 Image size of job updated: 3787
	3787  -  MemoryUsage of job (MB)
	3878436  -  ResidentSetSize of job (KB)
...
006 (91874.000.000) 2022-10-31 10:45:03 Image size of job updated: 3832
	3832  -  MemoryUsage of job (MB)
	3924852  -  ResidentSetSize of job (KB)
...
006 (91874.000.000) 2022-10-31 10:50:03 Image size of job updated: 3863
	3863  -  MemoryUsage of job (MB)
	3956448  -  ResidentSetSize of job (KB)
...
004 (91874.000.000) 2022-10-31 10:51:00 Job was evicted.
	(0) CPU times
		Usr 0 00:00:00, Sys 0 00:00:00  -  Run Remote Usage
		Usr 0 00:00:00, Sys 0 00:00:00  -  Run Local Usage
	0  -  Run Bytes Sent By Job
	121432  -  Run Bytes Received By Job
	Partitionable Resources :    Usage  Request Allocated Assigned
	   Cpus                 :        0        1         1 
	   Disk (KB)            :      239      125    472216 
	   Gpus (Average)       :        0        1         1 "GPU-39336287-94c3-74cb-4a13-f450f88b1c5f"
	   GpusMemory (MB)      :     9411                    
	   Memory (MB)          :     3863    32768     32768 
...
009 (91874.000.000) 2022-10-31 10:51:00 Job was aborted.
	via condor_rm (by user hl01486)
...
