000 (91876.006.000) 2022-10-31 10:40:28 Job submitted from host: <131.227.81.127:9618?addrs=131.227.81.127-9618&alias=aisurrey-condor.surrey.ac.uk&noUDP&sock=schedd_1657_2484>
...
040 (91876.006.000) 2022-10-31 10:40:37 Started transferring input files
	Transferring to host: <131.227.80.174:9618?addrs=131.227.80.174-9618&alias=aisurrey02.surrey.ac.uk&noUDP&sock=slot1_58_51297_207f_96303>
...
040 (91876.006.000) 2022-10-31 10:40:37 Finished transferring input files
...
001 (91876.006.000) 2022-10-31 10:40:38 Job executing on host: <131.227.80.174:9618?addrs=131.227.80.174-9618&alias=aisurrey02.surrey.ac.uk&noUDP&sock=startd_51097_ded3>
...
006 (91876.006.000) 2022-10-31 10:40:47 Image size of job updated: 125
	89  -  MemoryUsage of job (MB)
	91428  -  ResidentSetSize of job (KB)
...
006 (91876.006.000) 2022-10-31 10:45:48 Image size of job updated: 3693
	3693  -  MemoryUsage of job (MB)
	3782016  -  ResidentSetSize of job (KB)
...
006 (91876.006.000) 2022-10-31 10:50:48 Image size of job updated: 3740
	3740  -  MemoryUsage of job (MB)
	3829928  -  ResidentSetSize of job (KB)
...
006 (91876.006.000) 2022-10-31 10:54:15 Image size of job updated: 3770
	3770  -  MemoryUsage of job (MB)
	3861120  -  ResidentSetSize of job (KB)
...
004 (91876.006.000) 2022-10-31 10:54:15 Job was evicted.
	(0) CPU times
		Usr 0 00:00:00, Sys 0 00:00:00  -  Run Remote Usage
		Usr 0 00:00:00, Sys 0 00:00:00  -  Run Local Usage
	0  -  Run Bytes Sent By Job
	121432  -  Run Bytes Received By Job
	Partitionable Resources :    Usage  Request Allocated Assigned
	   Cpus                 :     0.00        1         1 
	   Disk (KB)            :   192         125    618733 
	   Gpus (Average)       :     0           1         1 "GPU-0fe29e3a-7b07-5175-e521-14102e3dd9a0"
	   GpusMemory (MB)      :  9383                       
	   Memory (MB)          :  3770       32768     32768 
...
009 (91876.006.000) 2022-10-31 10:54:15 Job was aborted.
	via condor_rm (by user hl01486)
...
