000 (91878.003.000) 2022-10-31 10:48:38 Job submitted from host: <131.227.81.127:9618?addrs=131.227.81.127-9618&alias=aisurrey-condor.surrey.ac.uk&noUDP&sock=schedd_1657_2484>
...
040 (91878.003.000) 2022-10-31 10:48:56 Started transferring input files
	Transferring to host: <131.227.80.178:9618?addrs=131.227.80.178-9618&alias=aisurrey04.surrey.ac.uk&noUDP&sock=slot1_37_118341_b0a5_150119>
...
040 (91878.003.000) 2022-10-31 10:48:56 Finished transferring input files
...
001 (91878.003.000) 2022-10-31 10:48:57 Job executing on host: <131.227.80.178:9618?addrs=131.227.80.178-9618&alias=aisurrey04.surrey.ac.uk&noUDP&sock=startd_116958_09cf>
...
006 (91878.003.000) 2022-10-31 10:49:05 Image size of job updated: 125
	59  -  MemoryUsage of job (MB)
	60660  -  ResidentSetSize of job (KB)
...
006 (91878.003.000) 2022-10-31 10:54:06 Image size of job updated: 3691
	3691  -  MemoryUsage of job (MB)
	3779680  -  ResidentSetSize of job (KB)
...
006 (91878.003.000) 2022-10-31 10:59:07 Image size of job updated: 3739
	3739  -  MemoryUsage of job (MB)
	3828832  -  ResidentSetSize of job (KB)
...
006 (91878.003.000) 2022-10-31 11:04:08 Image size of job updated: 3783
	3783  -  MemoryUsage of job (MB)
	3874304  -  ResidentSetSize of job (KB)
...
006 (91878.003.000) 2022-10-31 11:09:09 Image size of job updated: 3825
	3825  -  MemoryUsage of job (MB)
	3917540  -  ResidentSetSize of job (KB)
...
006 (91878.003.000) 2022-10-31 11:14:09 Image size of job updated: 3856
	3856  -  MemoryUsage of job (MB)
	3949260  -  ResidentSetSize of job (KB)
...
006 (91878.003.000) 2022-10-31 11:19:10 Image size of job updated: 3856
	3856  -  MemoryUsage of job (MB)
	3949264  -  ResidentSetSize of job (KB)
...
006 (91878.003.000) 2022-10-31 11:29:10 Image size of job updated: 3856
	3856  -  MemoryUsage of job (MB)
	3949308  -  ResidentSetSize of job (KB)
...
004 (91878.003.000) 2022-10-31 11:30:32 Job was evicted.
	(0) CPU times
		Usr 0 00:00:00, Sys 0 00:00:00  -  Run Remote Usage
		Usr 0 00:00:00, Sys 0 00:00:00  -  Run Local Usage
	0  -  Run Bytes Sent By Job
	121432  -  Run Bytes Received By Job
	Partitionable Resources :    Usage  Request Allocated Assigned
	   Cpus                 :     0.00        1         1 
	   Disk (KB)            :   233         125    618733 
	   Gpus (Average)       :                 1         1 "GPU-fc23261f-b77a-7d6b-5a0e-eb2bbf01491e"
	   Memory (MB)          :  3856       32768     32768 
...
009 (91878.003.000) 2022-10-31 11:30:32 Job was aborted.
	via condor_rm (by user hl01486)
...
